<?xml version="1.0" encoding="UTF-8"?>
<testsuite xmlns:xsi="http://www.w3.org/2001/XMLSchema-instance" xsi:noNamespaceSchemaLocation="https://maven.apache.org/surefire/maven-surefire-plugin/xsd/surefire-test-report-3.0.xsd" version="3.0" name="com.example.dilab.DiLabApplicationTests" time="0.857" tests="4" errors="0" skipped="0" failures="0">
  <properties>
[...]
</properties>
  <testcase name="constructorInjectionWorks" classname="com.example.dilab.DiLabApplicationTests" time="0.277">
    <system-out><![CDATA[10:22:42.297 [main] INFO org.springframework.test.context.support.AnnotationConfigContextLoaderUtils -- Could not detect default configuration classes for test class [com.example.dilab.DiLabApplicationTests]: DiLabApplicationTests does not declare any static, non-private, non-final, nested classes annotated with @Configuration.
10:22:42.335 [main] INFO org.springframework.boot.test.context.SpringBootTestContextBootstrapper -- Found @SpringBootConfiguration com.example.dilab.DiLabApplication for test class com.example.dilab.DiLabApplicationTests

  .   ____          _            __ _ _
 /\\ / ___'_ __ _ _(_)_ __  __ _ \ \ \ \
( ( )\___ | '_ | '_| | '_ \/ _` | \ \ \ \
 \\/  ___)| |_)| | | | | || (_| |  ) ) ) )
  '  |____| .__|_| |_|_| |_\__, | / / / /
 =========|_|==============|___/=/_/_/_/
&amp#27;[32m :: Spring Boot :: &amp#27;[39m              &amp#27;[2m (v3.2.0)&amp#27;[0;39m

&amp#27;[2m2025-12-15T10:22:42.451-06:00&amp#27;[0;39m &amp#27;[32m INFO&amp#27;[0;39m &amp#27;[35m27522&amp#27;[0;39m &amp#27;[2m---&amp#27;[0;39m &amp#27;[2m[di-deep-dive-lab] [           main]&amp#27;[0;39m &amp#27;[2m&amp#27;[0;39m&amp#27;[36mc.example.dilab.DiLabApplicationTests   &amp#27;[0;39m &amp#27;[2m:&amp#27;[0;39m Starting DiLabApplicationTests using Java 24.0.2 with PID 27522 (started by jwkidd3 in /Users/jwkidd3/classes_in_development/working_with_spring_boot/labs/module-01b-di-deep-dive/solution)
&amp#27;[2m2025-12-15T10:22:42.452-06:00&amp#27;[0;39m &amp#27;[32m INFO&amp#27;[0;39m &amp#27;[35m27522&amp#27;[0;39m &amp#27;[2m---&amp#27;[0;39m &amp#27;[2m[di-deep-dive-lab] [           main]&amp#27;[0;39m &amp#27;[2m&amp#27;[0;39m&amp#27;[36mc.example.dilab.DiLabApplicationTests   &amp#27;[0;39m &amp#27;[2m:&amp#27;[0;39m No active profile set, falling back to 1 default profile: "default"
1. CacheManager: Constructor called
2. CacheManager: afterPropertiesSet - Warming up cache...
   Cache warmed up with 2 entries
1. DatabaseConnection: Constructor called
2. DatabaseConnection: @PostConstruct - Opening connection...
   Connection established!
1. ExternalService: Constructor called
2. ExternalService: start() - Starting service...
   Service started!
SingletonCounter created: Singleton-1687586610
&amp#27;[2m2025-12-15T10:22:42.817-06:00&amp#27;[0;39m &amp#27;[32m INFO&amp#27;[0;39m &amp#27;[35m27522&amp#27;[0;39m &amp#27;[2m---&amp#27;[0;39m &amp#27;[2m[di-deep-dive-lab] [           main]&amp#27;[0;39m &amp#27;[2m&amp#27;[0;39m&amp#27;[36mc.example.dilab.DiLabApplicationTests   &amp#27;[0;39m &amp#27;[2m:&amp#27;[0;39m Started DiLabApplicationTests in 0.442 seconds (process running for 0.744)

=== Injection Types Demo ===
Field:       Hello from MessageService!
Setter:      Hello from MessageService!
Constructor: Hello from MessageService!

=== Qualifier Demo ===
Using default (@Primary): SMS
SMS: Hello via default!

Using @NotificationType("email"):
EMAIL: Hello via email!

Using @Qualifier with bean name:
PUSH: Hello via push!

Sending to ALL implementations:
EMAIL: Broadcast message!
PUSH: Broadcast message!
SMS: Broadcast message!

=== Scope Demo ===

Singleton scope:
  singleton1: Singleton-1687586610 count=1
  singleton2: Singleton-1687586610 count=2
  Same instance? true

Prototype scope:
PrototypeCounter created: Prototype-771459166
PrototypeCounter created: Prototype-913955118
  proto1: Prototype-771459166 count=1
  proto2: Prototype-913955118 count=1
  Same instance? false

=== Lifecycle Demo ===
All beans initialized!
  DatabaseConnection connected: true
  CacheManager initialized: true
  ExternalService running: true
Executing query: SELECT * FROM users
  Cache timeout: 30000

(Shutdown hooks will run @PreDestroy methods on application exit)

=== Circular Dependency Demo ===
Circular dependency resolved with @Lazy!
  A calling -> ServiceB
  B calling -> ServiceA
]]></system-out>
    <system-err><![CDATA[WARNING: A Java agent has been loaded dynamically (/Users/jwkidd3/.m2/repository/net/bytebuddy/byte-buddy-agent/1.14.10/byte-buddy-agent-1.14.10.jar)
WARNING: If a serviceability tool is in use, please run with -XX:+EnableDynamicAgentLoading to hide this warning
WARNING: If a serviceability tool is not in use, please run with -Djdk.instrument.traceUsage for more information
WARNING: Dynamic loading of agents will be disallowed by default in a future release
]]></system-err>
  </testcase>
  <testcase name="singletonScopeReturnsSameInstance" classname="com.example.dilab.DiLabApplicationTests" time="0.001"/>
  <testcase name="notificationManagerHasAllServices" classname="com.example.dilab.DiLabApplicationTests" time="0.0"/>
  <testcase name="contextLoads" classname="com.example.dilab.DiLabApplicationTests" time="0.0"/>
</testsuite>